model:GRU  parameters:2082

dataset: [PosixPath('/home/leic/Desktop/Icarus/data/training/labeled/80H_WIN/LNC_15min.csv')] 

Begin to slice.
Successful!

training features: torch.Size([8000, 320, 1])
testing features: torch.Size([2000, 320, 1])
training labels: torch.Size([8000, 1]) tensor([0, 1, 2]) tensor([2479, 3140, 2381]) tensor([0.3099, 0.3925, 0.2976])
testing labels: torch.Size([2000, 1]) tensor([0, 1, 2]) tensor([625, 783, 592]) tensor([0.3125, 0.3915, 0.2960])

cuda = True

epoch:0 	train loss:270.864807 	train accuracy:0.413125 	test loss:1.061468 	test accuracy:0.442500
epoch:10 	train loss:252.790985 	train accuracy:0.475625 	test loss:1.016341 	test accuracy:0.514500
epoch:20 	train loss:211.969467 	train accuracy:0.692625 	test loss:0.857808 	test accuracy:0.680500
epoch:30 	train loss:209.378876 	train accuracy:0.697000 	test loss:0.853063 	test accuracy:0.688500
epoch:40 	train loss:206.659073 	train accuracy:0.708125 	test loss:0.843643 	test accuracy:0.701500
epoch:50 	train loss:205.288239 	train accuracy:0.716250 	test loss:0.830174 	test accuracy:0.715500
epoch:60 	train loss:204.343826 	train accuracy:0.719500 	test loss:0.827964 	test accuracy:0.720500
epoch:70 	train loss:204.029648 	train accuracy:0.720625 	test loss:0.819619 	test accuracy:0.721500
epoch:80 	train loss:201.821594 	train accuracy:0.730875 	test loss:0.854497 	test accuracy:0.679000
epoch:90 	train loss:201.170700 	train accuracy:0.735375 	test loss:0.824002 	test accuracy:0.722500
epoch:100 	train loss:200.967606 	train accuracy:0.730000 	test loss:0.807209 	test accuracy:0.739500
epoch:110 	train loss:199.982407 	train accuracy:0.733125 	test loss:0.806564 	test accuracy:0.738500
epoch:120 	train loss:198.585678 	train accuracy:0.744750 	test loss:0.804637 	test accuracy:0.739000
epoch:130 	train loss:199.259033 	train accuracy:0.739875 	test loss:0.803392 	test accuracy:0.743500
epoch:140 	train loss:201.791641 	train accuracy:0.731125 	test loss:0.806947 	test accuracy:0.736000
epoch:150 	train loss:196.959900 	train accuracy:0.750000 	test loss:0.803610 	test accuracy:0.741500
epoch:160 	train loss:197.124847 	train accuracy:0.748500 	test loss:0.808988 	test accuracy:0.724000
epoch:170 	train loss:198.199234 	train accuracy:0.741875 	test loss:0.843944 	test accuracy:0.703000
epoch:180 	train loss:195.177994 	train accuracy:0.760125 	test loss:0.798308 	test accuracy:0.746000
epoch:190 	train loss:196.181290 	train accuracy:0.755625 	test loss:0.884293 	test accuracy:0.656000
epoch:200 	train loss:193.961716 	train accuracy:0.765000 	test loss:0.796584 	test accuracy:0.743500
epoch:210 	train loss:194.117004 	train accuracy:0.765250 	test loss:0.790218 	test accuracy:0.752500
epoch:220 	train loss:193.197662 	train accuracy:0.769875 	test loss:0.789923 	test accuracy:0.762000
epoch:230 	train loss:194.189423 	train accuracy:0.763500 	test loss:0.788991 	test accuracy:0.756500
epoch:240 	train loss:194.194016 	train accuracy:0.764000 	test loss:0.786923 	test accuracy:0.757500
epoch:250 	train loss:192.015915 	train accuracy:0.772500 	test loss:0.778043 	test accuracy:0.765500
epoch:260 	train loss:191.681870 	train accuracy:0.774125 	test loss:0.799981 	test accuracy:0.745000
epoch:270 	train loss:190.436371 	train accuracy:0.781000 	test loss:0.780537 	test accuracy:0.767000
epoch:280 	train loss:191.911026 	train accuracy:0.773375 	test loss:0.777819 	test accuracy:0.769000
epoch:290 	train loss:191.405426 	train accuracy:0.773625 	test loss:0.772649 	test accuracy:0.779000
epoch:300 	train loss:190.952194 	train accuracy:0.776500 	test loss:0.770684 	test accuracy:0.779500
epoch:310 	train loss:190.181702 	train accuracy:0.780375 	test loss:0.770177 	test accuracy:0.776000
epoch:320 	train loss:188.319351 	train accuracy:0.789250 	test loss:0.783727 	test accuracy:0.766000
epoch:330 	train loss:189.885376 	train accuracy:0.783500 	test loss:0.773620 	test accuracy:0.773000
epoch:340 	train loss:198.348312 	train accuracy:0.743750 	test loss:0.795484 	test accuracy:0.752000
epoch:350 	train loss:187.893799 	train accuracy:0.791625 	test loss:0.779148 	test accuracy:0.766500
epoch:360 	train loss:186.904907 	train accuracy:0.795000 	test loss:0.771589 	test accuracy:0.777000
epoch:370 	train loss:186.691528 	train accuracy:0.796125 	test loss:0.767436 	test accuracy:0.781500
epoch:380 	train loss:187.950104 	train accuracy:0.791125 	test loss:0.769515 	test accuracy:0.778000
epoch:390 	train loss:186.813187 	train accuracy:0.794000 	test loss:0.768762 	test accuracy:0.774000
epoch:400 	train loss:186.290009 	train accuracy:0.798125 	test loss:0.767148 	test accuracy:0.779500
epoch:410 	train loss:187.071533 	train accuracy:0.794375 	test loss:0.759832 	test accuracy:0.792500
epoch:420 	train loss:186.785248 	train accuracy:0.796125 	test loss:0.749878 	test accuracy:0.796000
epoch:430 	train loss:187.155563 	train accuracy:0.792875 	test loss:0.760321 	test accuracy:0.788000
epoch:440 	train loss:186.060501 	train accuracy:0.797625 	test loss:0.761122 	test accuracy:0.785500
epoch:450 	train loss:184.608795 	train accuracy:0.803250 	test loss:0.745275 	test accuracy:0.805500
epoch:460 	train loss:183.815704 	train accuracy:0.806875 	test loss:0.755610 	test accuracy:0.791500
epoch:470 	train loss:184.902695 	train accuracy:0.802500 	test loss:0.780726 	test accuracy:0.770500
epoch:480 	train loss:186.246613 	train accuracy:0.798875 	test loss:0.752701 	test accuracy:0.797000
epoch:490 	train loss:183.151260 	train accuracy:0.810875 	test loss:0.781364 	test accuracy:0.763000
epoch:499 
GRU_320_1
[[542  64  19]
 [111 527 145]
 [ 11  84 497]]
              precision    recall  f1-score   support

           0       0.82      0.87      0.84       625
           1       0.78      0.67      0.72       783
           2       0.75      0.84      0.79       592

    accuracy                           0.78      2000
   macro avg       0.78      0.79      0.79      2000
weighted avg       0.78      0.78      0.78      2000

