model:GRU  parameters:2181

dataset: [PosixPath('/home/leic/Desktop/Icarus/data/training/labeled/80H_WIN/LNC_15min.csv')] 

Begin to slice.
Successful!

training features: torch.Size([8000, 320, 4])
testing features: torch.Size([2000, 320, 4])
training labels: torch.Size([8000, 1]) tensor([0, 1, 2]) tensor([2479, 3140, 2381]) tensor([0.3099, 0.3925, 0.2976])
testing labels: torch.Size([2000, 1]) tensor([0, 1, 2]) tensor([625, 783, 592]) tensor([0.3125, 0.3915, 0.2960])

cuda = True

epoch:0 	train loss:272.293793 	train accuracy:0.432250 	test loss:1.066883 	test accuracy:0.440000
epoch:10 	train loss:265.529907 	train accuracy:0.464250 	test loss:1.058266 	test accuracy:0.449000
epoch:20 	train loss:265.151550 	train accuracy:0.466125 	test loss:1.058246 	test accuracy:0.455500
epoch:30 	train loss:254.904419 	train accuracy:0.542125 	test loss:1.013117 	test accuracy:0.539500
epoch:40 	train loss:268.983582 	train accuracy:0.458500 	test loss:1.041234 	test accuracy:0.512000
epoch:50 	train loss:237.452988 	train accuracy:0.538125 	test loss:0.986160 	test accuracy:0.535000
epoch:60 	train loss:212.240479 	train accuracy:0.690250 	test loss:0.874004 	test accuracy:0.669000
epoch:70 	train loss:209.488419 	train accuracy:0.698500 	test loss:0.853036 	test accuracy:0.692500
epoch:80 	train loss:208.847549 	train accuracy:0.704000 	test loss:0.857343 	test accuracy:0.686500
epoch:90 	train loss:207.723114 	train accuracy:0.701875 	test loss:0.855918 	test accuracy:0.684500
epoch:100 	train loss:205.444901 	train accuracy:0.714625 	test loss:0.839298 	test accuracy:0.699000
epoch:110 	train loss:203.020264 	train accuracy:0.724000 	test loss:0.865765 	test accuracy:0.677500
epoch:120 	train loss:201.830093 	train accuracy:0.725500 	test loss:0.827673 	test accuracy:0.710500
epoch:130 	train loss:204.282791 	train accuracy:0.718125 	test loss:0.826484 	test accuracy:0.713000
epoch:140 	train loss:201.385406 	train accuracy:0.730500 	test loss:0.836191 	test accuracy:0.696500
epoch:150 	train loss:201.515610 	train accuracy:0.727500 	test loss:0.813781 	test accuracy:0.726000
epoch:160 	train loss:200.631180 	train accuracy:0.730750 	test loss:0.806549 	test accuracy:0.733000
epoch:170 	train loss:203.245102 	train accuracy:0.720875 	test loss:0.828124 	test accuracy:0.712000
epoch:180 	train loss:202.014145 	train accuracy:0.727625 	test loss:0.816817 	test accuracy:0.725500
epoch:190 	train loss:202.821136 	train accuracy:0.725375 	test loss:0.867221 	test accuracy:0.665000
epoch:200 	train loss:201.546097 	train accuracy:0.731625 	test loss:0.812323 	test accuracy:0.734000
epoch:210 	train loss:202.701248 	train accuracy:0.726125 	test loss:0.830154 	test accuracy:0.714500
epoch:220 	train loss:198.370316 	train accuracy:0.746000 	test loss:0.805183 	test accuracy:0.745000
epoch:230 	train loss:203.689438 	train accuracy:0.727000 	test loss:0.818518 	test accuracy:0.726500
epoch:240 	train loss:198.891312 	train accuracy:0.742250 	test loss:0.798585 	test accuracy:0.745000
epoch:250 	train loss:199.068008 	train accuracy:0.739750 	test loss:0.803525 	test accuracy:0.741500
epoch:260 	train loss:197.481750 	train accuracy:0.752500 	test loss:0.798438 	test accuracy:0.747000
epoch:270 	train loss:196.174789 	train accuracy:0.752375 	test loss:0.807170 	test accuracy:0.742500
epoch:280 	train loss:193.331726 	train accuracy:0.769250 	test loss:0.784126 	test accuracy:0.760000
epoch:290 	train loss:193.690994 	train accuracy:0.766750 	test loss:0.779803 	test accuracy:0.769500
epoch:300 	train loss:192.805862 	train accuracy:0.773125 	test loss:0.783335 	test accuracy:0.766000
epoch:310 	train loss:192.923569 	train accuracy:0.768875 	test loss:0.806072 	test accuracy:0.742500
epoch:320 	train loss:193.599884 	train accuracy:0.768000 	test loss:0.783595 	test accuracy:0.762500
epoch:330 	train loss:209.753723 	train accuracy:0.699375 	test loss:0.831929 	test accuracy:0.710500
epoch:340 	train loss:203.493271 	train accuracy:0.724750 	test loss:0.818150 	test accuracy:0.725000
epoch:350 	train loss:193.126251 	train accuracy:0.769000 	test loss:0.797994 	test accuracy:0.747500
epoch:360 	train loss:192.741943 	train accuracy:0.770625 	test loss:0.784778 	test accuracy:0.761000
epoch:370 	train loss:192.695740 	train accuracy:0.770500 	test loss:0.779124 	test accuracy:0.767000
epoch:380 	train loss:195.625595 	train accuracy:0.755750 	test loss:0.775818 	test accuracy:0.769500
epoch:390 	train loss:190.872345 	train accuracy:0.779375 	test loss:0.840782 	test accuracy:0.703500
epoch:400 	train loss:189.680756 	train accuracy:0.785500 	test loss:0.775797 	test accuracy:0.770500
epoch:410 	train loss:188.815628 	train accuracy:0.789375 	test loss:0.772144 	test accuracy:0.776000
epoch:420 	train loss:192.040039 	train accuracy:0.774750 	test loss:0.786881 	test accuracy:0.760500
epoch:430 	train loss:189.185867 	train accuracy:0.786375 	test loss:0.778049 	test accuracy:0.768500
epoch:440 	train loss:189.500610 	train accuracy:0.785375 	test loss:0.766209 	test accuracy:0.782500
epoch:450 	train loss:188.048004 	train accuracy:0.792625 	test loss:0.788355 	test accuracy:0.760000
epoch:460 	train loss:190.529510 	train accuracy:0.780500 	test loss:0.782796 	test accuracy:0.763500
epoch:470 	train loss:191.124649 	train accuracy:0.780375 	test loss:0.786652 	test accuracy:0.758500
epoch:480 	train loss:189.213989 	train accuracy:0.786375 	test loss:0.769838 	test accuracy:0.778000
epoch:490 	train loss:187.603226 	train accuracy:0.791875 	test loss:0.763757 	test accuracy:0.790000
epoch:499 
GRU_320_4
[[519  84  22]
 [ 90 563 130]
 [ 10 104 478]]
              precision    recall  f1-score   support

           0       0.84      0.83      0.83       625
           1       0.75      0.72      0.73       783
           2       0.76      0.81      0.78       592

    accuracy                           0.78      2000
   macro avg       0.78      0.79      0.78      2000
weighted avg       0.78      0.78      0.78      2000

