model:GRU  parameters:2181

dataset: [PosixPath('/home/leic/Desktop/Icarus/data/training/labeled/16H_WIN/LNC_15min.csv')] 

Begin to slice.
Successful!

training features: torch.Size([8000, 64, 4])
testing features: torch.Size([2000, 64, 4])
training labels: torch.Size([8000, 1]) tensor([0, 1, 2]) tensor([1846, 4281, 1873]) tensor([0.2307, 0.5351, 0.2341])
testing labels: torch.Size([2000, 1]) tensor([0, 1, 2]) tensor([ 497, 1032,  471]) tensor([0.2485, 0.5160, 0.2355])

cuda = True

epoch:0 	train loss:272.231079 	train accuracy:0.536625 	test loss:1.031487 	test accuracy:0.541000
epoch:10 	train loss:262.923279 	train accuracy:0.532125 	test loss:1.007032 	test accuracy:0.538500
epoch:20 	train loss:262.120636 	train accuracy:0.542625 	test loss:1.017073 	test accuracy:0.522000
epoch:30 	train loss:256.671661 	train accuracy:0.585500 	test loss:0.983533 	test accuracy:0.594000
epoch:40 	train loss:249.903839 	train accuracy:0.599250 	test loss:0.957403 	test accuracy:0.627500
epoch:50 	train loss:239.237091 	train accuracy:0.619250 	test loss:0.937445 	test accuracy:0.621500
epoch:60 	train loss:219.777939 	train accuracy:0.631125 	test loss:0.906432 	test accuracy:0.650000
epoch:70 	train loss:206.014832 	train accuracy:0.699125 	test loss:0.850156 	test accuracy:0.731500
epoch:80 	train loss:198.314484 	train accuracy:0.740125 	test loss:0.828046 	test accuracy:0.726000
epoch:90 	train loss:193.003998 	train accuracy:0.757750 	test loss:0.811561 	test accuracy:0.743500
epoch:100 	train loss:192.827362 	train accuracy:0.759125 	test loss:0.799502 	test accuracy:0.754000
epoch:110 	train loss:191.606140 	train accuracy:0.764750 	test loss:0.815417 	test accuracy:0.738000
epoch:120 	train loss:188.813049 	train accuracy:0.774625 	test loss:0.801154 	test accuracy:0.746000
epoch:130 	train loss:188.942017 	train accuracy:0.770375 	test loss:0.770078 	test accuracy:0.776000
epoch:140 	train loss:189.000580 	train accuracy:0.768250 	test loss:0.763799 	test accuracy:0.785000
epoch:150 	train loss:187.226669 	train accuracy:0.776000 	test loss:0.772499 	test accuracy:0.782500
epoch:160 	train loss:188.119064 	train accuracy:0.771125 	test loss:0.764962 	test accuracy:0.784500
epoch:170 	train loss:187.385101 	train accuracy:0.778250 	test loss:0.787795 	test accuracy:0.759000
epoch:180 	train loss:186.068100 	train accuracy:0.780125 	test loss:0.773103 	test accuracy:0.778500
epoch:190 	train loss:186.632568 	train accuracy:0.776750 	test loss:0.776191 	test accuracy:0.774000
epoch:200 	train loss:186.508041 	train accuracy:0.774750 	test loss:0.760167 	test accuracy:0.784000
epoch:210 	train loss:185.610931 	train accuracy:0.781000 	test loss:0.754485 	test accuracy:0.791000
epoch:220 	train loss:185.186478 	train accuracy:0.782125 	test loss:0.767818 	test accuracy:0.775000
epoch:230 	train loss:185.325821 	train accuracy:0.777500 	test loss:0.779026 	test accuracy:0.764500
epoch:240 	train loss:185.254913 	train accuracy:0.780375 	test loss:0.773717 	test accuracy:0.767500
epoch:250 	train loss:182.725830 	train accuracy:0.793125 	test loss:0.753641 	test accuracy:0.789000
epoch:260 	train loss:184.237656 	train accuracy:0.785875 	test loss:0.759130 	test accuracy:0.783000
epoch:270 	train loss:183.219513 	train accuracy:0.786125 	test loss:0.764167 	test accuracy:0.779000
epoch:280 	train loss:183.250198 	train accuracy:0.789625 	test loss:0.779587 	test accuracy:0.762500
epoch:290 	train loss:183.751999 	train accuracy:0.787250 	test loss:0.747277 	test accuracy:0.804000
epoch:300 	train loss:183.163162 	train accuracy:0.786625 	test loss:0.756063 	test accuracy:0.788500
epoch:310 	train loss:184.250153 	train accuracy:0.783500 	test loss:0.745151 	test accuracy:0.797500
epoch:320 	train loss:182.914902 	train accuracy:0.789625 	test loss:0.761528 	test accuracy:0.789000
epoch:330 	train loss:188.939072 	train accuracy:0.769500 	test loss:0.768498 	test accuracy:0.777500
epoch:340 	train loss:182.743530 	train accuracy:0.788500 	test loss:0.737499 	test accuracy:0.812000
epoch:350 	train loss:189.118698 	train accuracy:0.759750 	test loss:0.777108 	test accuracy:0.777000
epoch:360 	train loss:181.299805 	train accuracy:0.793625 	test loss:0.748144 	test accuracy:0.795500
epoch:370 	train loss:180.761597 	train accuracy:0.802625 	test loss:0.739651 	test accuracy:0.807000
epoch:380 	train loss:180.015015 	train accuracy:0.805500 	test loss:0.745530 	test accuracy:0.801000
epoch:390 	train loss:180.644180 	train accuracy:0.799875 	test loss:0.744791 	test accuracy:0.802500
epoch:400 	train loss:179.586853 	train accuracy:0.804375 	test loss:0.743600 	test accuracy:0.802500
epoch:410 	train loss:180.397964 	train accuracy:0.800125 	test loss:0.749517 	test accuracy:0.796000
epoch:420 	train loss:181.019791 	train accuracy:0.798375 	test loss:0.749474 	test accuracy:0.799000
epoch:430 	train loss:179.661652 	train accuracy:0.809375 	test loss:0.747839 	test accuracy:0.802000
epoch:440 	train loss:186.043686 	train accuracy:0.785000 	test loss:0.762641 	test accuracy:0.785500
epoch:450 	train loss:183.751587 	train accuracy:0.791125 	test loss:0.761268 	test accuracy:0.778500
epoch:460 	train loss:179.786972 	train accuracy:0.802125 	test loss:0.747684 	test accuracy:0.794000
epoch:470 	train loss:180.930603 	train accuracy:0.802875 	test loss:0.775013 	test accuracy:0.770500
epoch:480 	train loss:180.223404 	train accuracy:0.804500 	test loss:0.748474 	test accuracy:0.793500
epoch:490 	train loss:181.275208 	train accuracy:0.799250 	test loss:0.768158 	test accuracy:0.781000
epoch:499 
GRU_64_4
[[411  78   8]
 [103 750 179]
 [  2  39 430]]
              precision    recall  f1-score   support

           0       0.80      0.83      0.81       497
           1       0.87      0.73      0.79      1032
           2       0.70      0.91      0.79       471

    accuracy                           0.80      2000
   macro avg       0.79      0.82      0.80      2000
weighted avg       0.81      0.80      0.80      2000

