model:GRU  parameters:2082

dataset: [PosixPath('/home/leic/Desktop/Icarus/data/training/labeled/16H_WIN/LNC_15min.csv')] 

Begin to slice.
Successful!

training features: torch.Size([8000, 64, 1])
testing features: torch.Size([2000, 64, 1])
training labels: torch.Size([8000, 1]) tensor([0, 1, 2]) tensor([1846, 4281, 1873]) tensor([0.2307, 0.5351, 0.2341])
testing labels: torch.Size([2000, 1]) tensor([0, 1, 2]) tensor([ 497, 1032,  471]) tensor([0.2485, 0.5160, 0.2355])

cuda = True

epoch:0 	train loss:269.135254 	train accuracy:0.447750 	test loss:1.022192 	test accuracy:0.533000
epoch:10 	train loss:241.218124 	train accuracy:0.614250 	test loss:0.935437 	test accuracy:0.637500
epoch:20 	train loss:214.758362 	train accuracy:0.651625 	test loss:0.901731 	test accuracy:0.668000
epoch:30 	train loss:191.561508 	train accuracy:0.760750 	test loss:0.799885 	test accuracy:0.751500
epoch:40 	train loss:186.712265 	train accuracy:0.775500 	test loss:0.808683 	test accuracy:0.734000
epoch:50 	train loss:186.288177 	train accuracy:0.778375 	test loss:0.762746 	test accuracy:0.788000
epoch:60 	train loss:186.935150 	train accuracy:0.770125 	test loss:0.790288 	test accuracy:0.746500
epoch:70 	train loss:184.547913 	train accuracy:0.784125 	test loss:0.775267 	test accuracy:0.766500
epoch:80 	train loss:183.999924 	train accuracy:0.786000 	test loss:0.752155 	test accuracy:0.797000
epoch:90 	train loss:204.559235 	train accuracy:0.675375 	test loss:0.765404 	test accuracy:0.782000
epoch:100 	train loss:183.138062 	train accuracy:0.786375 	test loss:0.747700 	test accuracy:0.794500
epoch:110 	train loss:182.541245 	train accuracy:0.793000 	test loss:0.762899 	test accuracy:0.783000
epoch:120 	train loss:183.889099 	train accuracy:0.786500 	test loss:0.757674 	test accuracy:0.788500
epoch:130 	train loss:182.777985 	train accuracy:0.784750 	test loss:0.745916 	test accuracy:0.798000
epoch:140 	train loss:183.130554 	train accuracy:0.794875 	test loss:0.747234 	test accuracy:0.799500
epoch:150 	train loss:181.632416 	train accuracy:0.796625 	test loss:0.753350 	test accuracy:0.793000
epoch:160 	train loss:182.748428 	train accuracy:0.788125 	test loss:0.759792 	test accuracy:0.783500
epoch:170 	train loss:181.689514 	train accuracy:0.789375 	test loss:0.749960 	test accuracy:0.798000
epoch:180 	train loss:180.984207 	train accuracy:0.797375 	test loss:0.746639 	test accuracy:0.799500
epoch:190 	train loss:179.965652 	train accuracy:0.800000 	test loss:0.739110 	test accuracy:0.811000
epoch:200 	train loss:180.252319 	train accuracy:0.799750 	test loss:0.741975 	test accuracy:0.802000
epoch:210 	train loss:180.016769 	train accuracy:0.805000 	test loss:0.740967 	test accuracy:0.806500
epoch:220 	train loss:179.979385 	train accuracy:0.801375 	test loss:0.738789 	test accuracy:0.807500
epoch:230 	train loss:179.575302 	train accuracy:0.799625 	test loss:0.737670 	test accuracy:0.812000
epoch:240 	train loss:178.755280 	train accuracy:0.805500 	test loss:0.744151 	test accuracy:0.800500
epoch:250 	train loss:178.633545 	train accuracy:0.809875 	test loss:0.739128 	test accuracy:0.808500
epoch:260 	train loss:177.842667 	train accuracy:0.812625 	test loss:0.742086 	test accuracy:0.804000
epoch:270 	train loss:179.302368 	train accuracy:0.807625 	test loss:0.741081 	test accuracy:0.802500
epoch:280 	train loss:178.672211 	train accuracy:0.804750 	test loss:0.761766 	test accuracy:0.788500
epoch:290 	train loss:178.321945 	train accuracy:0.809875 	test loss:0.754827 	test accuracy:0.787000
epoch:300 	train loss:177.387329 	train accuracy:0.814375 	test loss:0.741876 	test accuracy:0.801500
epoch:310 	train loss:178.467255 	train accuracy:0.809250 	test loss:0.765891 	test accuracy:0.782500
epoch:320 	train loss:177.103897 	train accuracy:0.818125 	test loss:0.736045 	test accuracy:0.812500
epoch:330 	train loss:177.808777 	train accuracy:0.812125 	test loss:0.735736 	test accuracy:0.807000
epoch:340 	train loss:175.936935 	train accuracy:0.822250 	test loss:0.728172 	test accuracy:0.820000
epoch:350 	train loss:178.297333 	train accuracy:0.812750 	test loss:0.726244 	test accuracy:0.824500
epoch:360 	train loss:175.793442 	train accuracy:0.821625 	test loss:0.736441 	test accuracy:0.810000
epoch:370 	train loss:176.537292 	train accuracy:0.823375 	test loss:0.733505 	test accuracy:0.813500
epoch:380 	train loss:176.692062 	train accuracy:0.820625 	test loss:0.742327 	test accuracy:0.807000
epoch:390 	train loss:176.474548 	train accuracy:0.816750 	test loss:0.726374 	test accuracy:0.822500
epoch:400 	train loss:176.218262 	train accuracy:0.818875 	test loss:0.732709 	test accuracy:0.815000
epoch:410 	train loss:176.271393 	train accuracy:0.819625 	test loss:0.732236 	test accuracy:0.813500
epoch:420 	train loss:175.906815 	train accuracy:0.819125 	test loss:0.737369 	test accuracy:0.810500
epoch:430 	train loss:176.209106 	train accuracy:0.819250 	test loss:0.731107 	test accuracy:0.819000
epoch:440 	train loss:174.516403 	train accuracy:0.832500 	test loss:0.725545 	test accuracy:0.825000
epoch:450 	train loss:175.388245 	train accuracy:0.824125 	test loss:0.734524 	test accuracy:0.812500
epoch:460 	train loss:176.052322 	train accuracy:0.821375 	test loss:0.739976 	test accuracy:0.807500
epoch:470 	train loss:174.593430 	train accuracy:0.831000 	test loss:0.740632 	test accuracy:0.806000
epoch:480 	train loss:175.091263 	train accuracy:0.825750 	test loss:0.742458 	test accuracy:0.806000
epoch:490 	train loss:175.412415 	train accuracy:0.826000 	test loss:0.733706 	test accuracy:0.815000
epoch:499 
GRU_64_1
[[456  36   5]
 [155 777 100]
 [  5  66 400]]
              precision    recall  f1-score   support

           0       0.74      0.92      0.82       497
           1       0.88      0.75      0.81      1032
           2       0.79      0.85      0.82       471

    accuracy                           0.82      2000
   macro avg       0.81      0.84      0.82      2000
weighted avg       0.83      0.82      0.82      2000

