model:LSTM  parameters:2046

dataset: [PosixPath('/home/leic/Desktop/Icarus/data/training/labeled/16H_WIN/LNC_15min.csv')] 

Begin to slice.
Successful!

training features: torch.Size([8000, 64, 5])
testing features: torch.Size([2000, 64, 5])
training labels: torch.Size([8000, 1]) tensor([0, 1, 2]) tensor([1846, 4281, 1873]) tensor([0.2307, 0.5351, 0.2341])
testing labels: torch.Size([2000, 1]) tensor([0, 1, 2]) tensor([ 497, 1032,  471]) tensor([0.2485, 0.5160, 0.2355])

cuda = True

epoch:0 	train loss:274.358734 	train accuracy:0.518625 	test loss:1.096279 	test accuracy:0.384500
epoch:10 	train loss:274.714752 	train accuracy:0.251000 	test loss:1.096723 	test accuracy:0.315500
epoch:20 	train loss:264.882782 	train accuracy:0.514125 	test loss:1.029312 	test accuracy:0.500500
epoch:30 	train loss:262.796387 	train accuracy:0.509375 	test loss:1.028198 	test accuracy:0.498000
epoch:40 	train loss:262.071198 	train accuracy:0.507500 	test loss:1.034415 	test accuracy:0.455500
epoch:50 	train loss:261.413300 	train accuracy:0.494625 	test loss:1.022295 	test accuracy:0.482500
epoch:60 	train loss:260.624115 	train accuracy:0.504875 	test loss:1.019171 	test accuracy:0.496000
epoch:70 	train loss:258.419342 	train accuracy:0.519875 	test loss:1.014747 	test accuracy:0.524500
epoch:80 	train loss:281.250183 	train accuracy:0.241000 	test loss:1.212312 	test accuracy:0.235500
epoch:90 	train loss:273.072968 	train accuracy:0.306375 	test loss:1.090326 	test accuracy:0.314500
epoch:100 	train loss:272.773926 	train accuracy:0.305000 	test loss:1.094450 	test accuracy:0.312000
epoch:110 	train loss:272.188049 	train accuracy:0.307750 	test loss:1.089144 	test accuracy:0.312000
epoch:120 	train loss:272.213531 	train accuracy:0.280125 	test loss:1.091052 	test accuracy:0.271000
epoch:130 	train loss:272.591431 	train accuracy:0.339750 	test loss:1.084397 	test accuracy:0.293500
epoch:140 	train loss:272.115784 	train accuracy:0.421750 	test loss:1.083129 	test accuracy:0.466000
epoch:150 	train loss:268.909363 	train accuracy:0.505000 	test loss:1.066200 	test accuracy:0.511500
epoch:160 	train loss:267.574066 	train accuracy:0.509250 	test loss:1.076023 	test accuracy:0.492000
epoch:170 	train loss:269.183533 	train accuracy:0.463750 	test loss:1.073399 	test accuracy:0.471000
epoch:180 	train loss:267.653656 	train accuracy:0.489750 	test loss:1.063412 	test accuracy:0.478500
epoch:190 	train loss:266.928162 	train accuracy:0.510375 	test loss:1.060017 	test accuracy:0.511000
epoch:200 	train loss:263.341705 	train accuracy:0.542125 	test loss:1.048533 	test accuracy:0.522500
epoch:210 	train loss:265.954437 	train accuracy:0.536750 	test loss:1.050494 	test accuracy:0.520500
epoch:220 	train loss:267.555725 	train accuracy:0.535250 	test loss:1.053122 	test accuracy:0.518500
epoch:230 	train loss:277.224884 	train accuracy:0.308250 	test loss:1.171978 	test accuracy:0.309500
epoch:240 	train loss:266.600189 	train accuracy:0.535875 	test loss:1.059754 	test accuracy:0.517500
epoch:250 	train loss:269.819794 	train accuracy:0.320375 	test loss:1.079012 	test accuracy:0.302500
epoch:260 	train loss:267.737946 	train accuracy:0.541125 	test loss:1.069834 	test accuracy:0.523000
epoch:270 	train loss:268.178864 	train accuracy:0.536500 	test loss:1.055429 	test accuracy:0.517500
epoch:280 	train loss:269.490784 	train accuracy:0.528750 	test loss:1.066692 	test accuracy:0.500500
epoch:290 	train loss:266.276459 	train accuracy:0.541750 	test loss:1.060121 	test accuracy:0.511000
epoch:300 	train loss:265.257721 	train accuracy:0.527250 	test loss:1.054360 	test accuracy:0.530000
epoch:310 	train loss:263.432800 	train accuracy:0.549000 	test loss:1.051554 	test accuracy:0.526000
epoch:320 	train loss:265.803467 	train accuracy:0.532500 	test loss:1.052034 	test accuracy:0.520000
epoch:330 	train loss:279.447205 	train accuracy:0.261625 	test loss:1.212761 	test accuracy:0.258000
epoch:340 	train loss:276.696075 	train accuracy:0.311500 	test loss:1.170316 	test accuracy:0.306000
epoch:350 	train loss:268.887970 	train accuracy:0.489000 	test loss:1.070512 	test accuracy:0.477500
epoch:360 	train loss:268.079926 	train accuracy:0.515000 	test loss:1.066455 	test accuracy:0.503000
epoch:370 	train loss:265.871613 	train accuracy:0.527125 	test loss:1.051777 	test accuracy:0.510000
epoch:380 	train loss:264.394623 	train accuracy:0.533250 	test loss:1.042697 	test accuracy:0.532500
epoch:390 	train loss:264.887085 	train accuracy:0.533375 	test loss:1.045879 	test accuracy:0.523000
epoch:400 	train loss:263.886322 	train accuracy:0.545750 	test loss:1.050306 	test accuracy:0.530000
epoch:410 	train loss:263.162750 	train accuracy:0.547250 	test loss:1.041433 	test accuracy:0.533500
epoch:420 	train loss:275.125244 	train accuracy:0.429250 	test loss:1.082495 	test accuracy:0.413000
epoch:430 	train loss:276.508270 	train accuracy:0.409750 	test loss:1.070284 	test accuracy:0.399000
epoch:440 	train loss:269.203064 	train accuracy:0.407250 	test loss:1.064072 	test accuracy:0.394500
epoch:450 	train loss:266.539001 	train accuracy:0.464000 	test loss:1.074967 	test accuracy:0.431000
epoch:460 	train loss:264.405060 	train accuracy:0.471375 	test loss:1.031726 	test accuracy:0.479000
epoch:470 	train loss:264.882538 	train accuracy:0.484625 	test loss:1.044317 	test accuracy:0.469500
epoch:480 	train loss:276.640442 	train accuracy:0.459625 	test loss:1.047024 	test accuracy:0.456500
epoch:490 	train loss:269.716614 	train accuracy:0.468250 	test loss:1.055508 	test accuracy:0.433500
epoch:499 
LSTM_64_5
[[ 89 144 264]
 [177 481 374]
 [ 73 130 268]]
              precision    recall  f1-score   support

           0       0.26      0.18      0.21       497
           1       0.64      0.47      0.54      1032
           2       0.30      0.57      0.39       471

    accuracy                           0.42      2000
   macro avg       0.40      0.40      0.38      2000
weighted avg       0.46      0.42      0.42      2000

