model:LSTM  parameters:2010

dataset: [PosixPath('/home/leic/Desktop/Icarus/data/training/labeled/80H_WIN/LNC_15min.csv')] 

Begin to slice.
Successful!

training features: torch.Size([8000, 320, 4])
testing features: torch.Size([2000, 320, 4])
training labels: torch.Size([8000, 1]) tensor([0, 1, 2]) tensor([2479, 3140, 2381]) tensor([0.3099, 0.3925, 0.2976])
testing labels: torch.Size([2000, 1]) tensor([0, 1, 2]) tensor([625, 783, 592]) tensor([0.3125, 0.3915, 0.2960])

cuda = True

epoch:0 	train loss:274.795868 	train accuracy:0.301125 	test loss:1.097311 	test accuracy:0.296500
epoch:10 	train loss:265.942200 	train accuracy:0.468000 	test loss:1.061276 	test accuracy:0.445000
epoch:20 	train loss:264.526245 	train accuracy:0.477875 	test loss:1.056234 	test accuracy:0.463000
epoch:30 	train loss:264.050079 	train accuracy:0.490750 	test loss:1.054779 	test accuracy:0.472500
epoch:40 	train loss:263.726562 	train accuracy:0.490500 	test loss:1.052624 	test accuracy:0.483000
epoch:50 	train loss:274.497589 	train accuracy:0.400250 	test loss:1.095985 	test accuracy:0.397000
epoch:60 	train loss:271.954712 	train accuracy:0.392750 	test loss:1.065419 	test accuracy:0.450500
epoch:70 	train loss:264.015259 	train accuracy:0.476750 	test loss:1.053810 	test accuracy:0.474500
epoch:80 	train loss:268.691467 	train accuracy:0.438125 	test loss:1.059954 	test accuracy:0.464000
epoch:90 	train loss:272.651215 	train accuracy:0.357875 	test loss:1.087102 	test accuracy:0.424500
epoch:100 	train loss:266.307495 	train accuracy:0.459625 	test loss:1.062954 	test accuracy:0.437500
epoch:110 	train loss:265.616089 	train accuracy:0.459375 	test loss:1.060597 	test accuracy:0.441500
epoch:120 	train loss:265.653168 	train accuracy:0.454125 	test loss:1.057958 	test accuracy:0.443500
epoch:130 	train loss:265.328735 	train accuracy:0.457625 	test loss:1.061532 	test accuracy:0.435500
epoch:140 	train loss:265.256134 	train accuracy:0.458000 	test loss:1.061146 	test accuracy:0.431000
epoch:150 	train loss:263.789673 	train accuracy:0.462625 	test loss:1.047418 	test accuracy:0.432000
epoch:160 	train loss:264.612732 	train accuracy:0.482875 	test loss:1.058779 	test accuracy:0.460500
epoch:170 	train loss:265.009277 	train accuracy:0.486625 	test loss:1.053733 	test accuracy:0.479500
epoch:180 	train loss:263.116608 	train accuracy:0.482625 	test loss:1.054030 	test accuracy:0.485500
epoch:190 	train loss:263.897797 	train accuracy:0.459125 	test loss:1.060290 	test accuracy:0.453000
epoch:200 	train loss:262.026062 	train accuracy:0.477250 	test loss:1.054311 	test accuracy:0.482500
epoch:210 	train loss:263.859283 	train accuracy:0.488875 	test loss:1.053413 	test accuracy:0.476000
epoch:220 	train loss:263.567596 	train accuracy:0.490500 	test loss:1.050958 	test accuracy:0.481500
epoch:230 	train loss:263.177094 	train accuracy:0.477000 	test loss:1.051237 	test accuracy:0.484000
epoch:240 	train loss:263.727448 	train accuracy:0.476875 	test loss:1.049417 	test accuracy:0.481000
epoch:250 	train loss:265.518524 	train accuracy:0.460125 	test loss:1.057086 	test accuracy:0.443000
epoch:260 	train loss:265.972656 	train accuracy:0.467250 	test loss:1.057111 	test accuracy:0.454500
epoch:270 	train loss:261.306183 	train accuracy:0.494750 	test loss:1.038833 	test accuracy:0.500500
epoch:280 	train loss:258.107880 	train accuracy:0.490750 	test loss:1.041266 	test accuracy:0.473000
epoch:290 	train loss:266.933960 	train accuracy:0.474125 	test loss:1.075626 	test accuracy:0.434000
epoch:300 	train loss:262.123871 	train accuracy:0.506250 	test loss:1.046759 	test accuracy:0.493000
epoch:310 	train loss:268.344025 	train accuracy:0.416375 	test loss:1.065482 	test accuracy:0.465500
epoch:320 	train loss:263.696014 	train accuracy:0.485750 	test loss:1.054240 	test accuracy:0.480000
epoch:330 	train loss:263.890198 	train accuracy:0.482500 	test loss:1.052746 	test accuracy:0.478000
epoch:340 	train loss:263.884064 	train accuracy:0.481375 	test loss:1.051923 	test accuracy:0.473500
epoch:350 	train loss:261.983368 	train accuracy:0.479375 	test loss:1.055598 	test accuracy:0.478000
epoch:360 	train loss:262.930267 	train accuracy:0.483000 	test loss:1.050487 	test accuracy:0.471000
epoch:370 	train loss:261.277588 	train accuracy:0.481125 	test loss:1.055774 	test accuracy:0.478000
epoch:380 	train loss:261.299347 	train accuracy:0.480000 	test loss:1.052116 	test accuracy:0.480500
epoch:390 	train loss:261.314331 	train accuracy:0.479125 	test loss:1.053959 	test accuracy:0.457000
epoch:400 	train loss:261.342712 	train accuracy:0.479250 	test loss:1.044010 	test accuracy:0.477000
epoch:410 	train loss:263.883667 	train accuracy:0.491750 	test loss:1.053683 	test accuracy:0.482000
epoch:420 	train loss:259.732635 	train accuracy:0.484250 	test loss:1.043293 	test accuracy:0.477000
epoch:430 	train loss:258.534149 	train accuracy:0.518625 	test loss:1.037469 	test accuracy:0.502000
epoch:440 	train loss:270.262390 	train accuracy:0.431500 	test loss:1.052787 	test accuracy:0.486500
epoch:450 	train loss:262.937225 	train accuracy:0.493500 	test loss:1.053100 	test accuracy:0.476000
epoch:460 	train loss:264.781891 	train accuracy:0.480250 	test loss:1.059099 	test accuracy:0.458500
epoch:470 	train loss:263.364746 	train accuracy:0.456250 	test loss:1.054029 	test accuracy:0.439500
epoch:480 	train loss:279.939697 	train accuracy:0.312875 	test loss:1.151005 	test accuracy:0.297000
epoch:490 	train loss:263.714386 	train accuracy:0.488625 	test loss:1.052069 	test accuracy:0.480000
epoch:499 
LSTM_320_4
[[ 60 214 351]
 [ 19 387 377]
 [ 58 117 417]]
              precision    recall  f1-score   support

           0       0.44      0.10      0.16       625
           1       0.54      0.49      0.52       783
           2       0.36      0.70      0.48       592

    accuracy                           0.43      2000
   macro avg       0.45      0.43      0.38      2000
weighted avg       0.46      0.43      0.39      2000

