model:LSTM  parameters:2046

dataset: [PosixPath('/home/leic/Desktop/Icarus/data/training/labeled/80H_WIN/LNC_15min.csv')] 

Begin to slice.
Successful!

training features: torch.Size([8000, 320, 5])
testing features: torch.Size([2000, 320, 5])
training labels: torch.Size([8000, 1]) tensor([0, 1, 2]) tensor([2479, 3140, 2381]) tensor([0.3099, 0.3925, 0.2976])
testing labels: torch.Size([2000, 1]) tensor([0, 1, 2]) tensor([625, 783, 592]) tensor([0.3125, 0.3915, 0.2960])

cuda = True

epoch:0 	train loss:274.555511 	train accuracy:0.407125 	test loss:1.090064 	test accuracy:0.461000
epoch:10 	train loss:262.106995 	train accuracy:0.476500 	test loss:1.043814 	test accuracy:0.471500
epoch:20 	train loss:261.543579 	train accuracy:0.476625 	test loss:1.038970 	test accuracy:0.468000
epoch:30 	train loss:259.142944 	train accuracy:0.483125 	test loss:1.065010 	test accuracy:0.432500
epoch:40 	train loss:258.395386 	train accuracy:0.489250 	test loss:1.033607 	test accuracy:0.466000
epoch:50 	train loss:275.621765 	train accuracy:0.385000 	test loss:1.135544 	test accuracy:0.341000
epoch:60 	train loss:260.585449 	train accuracy:0.492125 	test loss:1.036880 	test accuracy:0.484000
epoch:70 	train loss:259.868927 	train accuracy:0.485250 	test loss:1.032611 	test accuracy:0.478000
epoch:80 	train loss:262.053070 	train accuracy:0.467375 	test loss:1.042843 	test accuracy:0.475500
epoch:90 	train loss:263.482117 	train accuracy:0.468000 	test loss:1.046364 	test accuracy:0.461000
epoch:100 	train loss:259.532532 	train accuracy:0.483250 	test loss:1.041184 	test accuracy:0.477500
epoch:110 	train loss:257.862885 	train accuracy:0.492375 	test loss:1.032671 	test accuracy:0.470500
epoch:120 	train loss:260.614746 	train accuracy:0.457625 	test loss:1.040866 	test accuracy:0.466500
epoch:130 	train loss:258.205139 	train accuracy:0.486750 	test loss:1.040047 	test accuracy:0.459500
epoch:140 	train loss:258.087219 	train accuracy:0.484750 	test loss:1.041331 	test accuracy:0.466000
epoch:150 	train loss:256.942505 	train accuracy:0.489625 	test loss:1.038001 	test accuracy:0.478500
epoch:160 	train loss:269.515350 	train accuracy:0.453750 	test loss:1.076048 	test accuracy:0.422000
epoch:170 	train loss:272.277100 	train accuracy:0.422125 	test loss:1.079917 	test accuracy:0.428500
epoch:180 	train loss:268.352234 	train accuracy:0.447000 	test loss:1.063491 	test accuracy:0.465500
epoch:190 	train loss:259.831299 	train accuracy:0.476250 	test loss:1.033869 	test accuracy:0.486500
epoch:200 	train loss:259.853943 	train accuracy:0.473625 	test loss:1.106825 	test accuracy:0.344000
epoch:210 	train loss:261.004395 	train accuracy:0.484500 	test loss:1.043644 	test accuracy:0.482000
epoch:220 	train loss:262.374298 	train accuracy:0.475500 	test loss:1.042748 	test accuracy:0.459000
epoch:230 	train loss:268.731476 	train accuracy:0.408125 	test loss:1.073520 	test accuracy:0.440500
epoch:240 	train loss:262.575714 	train accuracy:0.462375 	test loss:1.052880 	test accuracy:0.475500
epoch:250 	train loss:257.258179 	train accuracy:0.498500 	test loss:1.028022 	test accuracy:0.500000
epoch:260 	train loss:256.658356 	train accuracy:0.500125 	test loss:1.026349 	test accuracy:0.487000
epoch:270 	train loss:255.704880 	train accuracy:0.502875 	test loss:1.025072 	test accuracy:0.494500
epoch:280 	train loss:262.394196 	train accuracy:0.474000 	test loss:1.030830 	test accuracy:0.500500
epoch:290 	train loss:260.313873 	train accuracy:0.492375 	test loss:1.062182 	test accuracy:0.455500
epoch:300 	train loss:257.522858 	train accuracy:0.488750 	test loss:1.028715 	test accuracy:0.484500
epoch:310 	train loss:270.842255 	train accuracy:0.433625 	test loss:1.060349 	test accuracy:0.451000
epoch:320 	train loss:258.333252 	train accuracy:0.490375 	test loss:1.033349 	test accuracy:0.480500
epoch:330 	train loss:261.596344 	train accuracy:0.467125 	test loss:1.064584 	test accuracy:0.421500
epoch:340 	train loss:264.978119 	train accuracy:0.455625 	test loss:1.053641 	test accuracy:0.469500
epoch:350 	train loss:268.714203 	train accuracy:0.460375 	test loss:1.055007 	test accuracy:0.464000
epoch:360 	train loss:263.295441 	train accuracy:0.462250 	test loss:1.047683 	test accuracy:0.475000
epoch:370 	train loss:261.877563 	train accuracy:0.468625 	test loss:1.089218 	test accuracy:0.425000
epoch:380 	train loss:256.010284 	train accuracy:0.508500 	test loss:1.028257 	test accuracy:0.489000
epoch:390 	train loss:258.257935 	train accuracy:0.486000 	test loss:1.027278 	test accuracy:0.478000
epoch:400 	train loss:259.121979 	train accuracy:0.489125 	test loss:1.021420 	test accuracy:0.511500
epoch:410 	train loss:279.146027 	train accuracy:0.331625 	test loss:1.141969 	test accuracy:0.322000
epoch:420 	train loss:276.505249 	train accuracy:0.350125 	test loss:1.150385 	test accuracy:0.327500
epoch:430 	train loss:272.353577 	train accuracy:0.393000 	test loss:1.096954 	test accuracy:0.397000
epoch:440 	train loss:258.285828 	train accuracy:0.474875 	test loss:1.044869 	test accuracy:0.459000
epoch:450 	train loss:262.280731 	train accuracy:0.465625 	test loss:1.041377 	test accuracy:0.474000
epoch:460 	train loss:256.750702 	train accuracy:0.485000 	test loss:1.027049 	test accuracy:0.495000
epoch:470 	train loss:261.241058 	train accuracy:0.469500 	test loss:1.043479 	test accuracy:0.457000
epoch:480 	train loss:266.205780 	train accuracy:0.437750 	test loss:1.066558 	test accuracy:0.445000
epoch:490 	train loss:258.465118 	train accuracy:0.486500 	test loss:1.032146 	test accuracy:0.493500
epoch:499 
LSTM_320_5
[[486 100  39]
 [363 346  74]
 [353 125 114]]
              precision    recall  f1-score   support

           0       0.40      0.78      0.53       625
           1       0.61      0.44      0.51       783
           2       0.50      0.19      0.28       592

    accuracy                           0.47      2000
   macro avg       0.50      0.47      0.44      2000
weighted avg       0.51      0.47      0.45      2000

