model:TCN  parameters:2228

dataset: [PosixPath('/home/leic/Desktop/Icarus/data/training/labeled/16H_WIN/LNC_15min.csv')] 

Begin to slice.
Successful!

training features: torch.Size([8000, 64, 4])
testing features: torch.Size([2000, 64, 4])
training labels: torch.Size([8000, 1]) tensor([0, 1, 2]) tensor([1846, 4281, 1873]) tensor([0.2307, 0.5351, 0.2341])
testing labels: torch.Size([2000, 1]) tensor([0, 1, 2]) tensor([ 497, 1032,  471]) tensor([0.2485, 0.5160, 0.2355])

cuda = True

epoch:0 	train loss:271.132202 	train accuracy:0.532375 	test loss:1.034837 	test accuracy:0.551500
epoch:10 	train loss:155.068527 	train accuracy:0.697250 	test loss:0.602401 	test accuracy:0.751500
epoch:20 	train loss:115.573189 	train accuracy:0.786875 	test loss:0.430535 	test accuracy:0.819500
epoch:30 	train loss:109.831055 	train accuracy:0.795625 	test loss:0.477034 	test accuracy:0.788500
epoch:40 	train loss:109.735847 	train accuracy:0.797375 	test loss:0.430325 	test accuracy:0.817500
epoch:50 	train loss:105.846031 	train accuracy:0.800750 	test loss:0.385444 	test accuracy:0.834500
epoch:60 	train loss:104.824989 	train accuracy:0.803625 	test loss:0.538122 	test accuracy:0.755000
epoch:70 	train loss:100.022194 	train accuracy:0.811375 	test loss:0.421731 	test accuracy:0.825000
epoch:80 	train loss:101.048683 	train accuracy:0.810250 	test loss:0.434674 	test accuracy:0.818500
epoch:90 	train loss:97.267967 	train accuracy:0.815375 	test loss:0.408052 	test accuracy:0.814500
epoch:100 	train loss:95.231918 	train accuracy:0.821250 	test loss:0.425952 	test accuracy:0.812500
epoch:110 	train loss:93.397354 	train accuracy:0.825625 	test loss:0.413867 	test accuracy:0.822000
epoch:120 	train loss:93.746361 	train accuracy:0.822500 	test loss:0.379162 	test accuracy:0.829500
epoch:130 	train loss:94.902122 	train accuracy:0.822750 	test loss:0.408507 	test accuracy:0.827500
epoch:140 	train loss:89.656311 	train accuracy:0.832625 	test loss:0.385601 	test accuracy:0.829000
epoch:150 	train loss:90.857986 	train accuracy:0.826375 	test loss:0.432921 	test accuracy:0.813000
epoch:160 	train loss:91.190048 	train accuracy:0.829375 	test loss:0.393742 	test accuracy:0.825000
epoch:170 	train loss:90.494728 	train accuracy:0.828250 	test loss:0.404550 	test accuracy:0.817500
epoch:180 	train loss:87.920296 	train accuracy:0.836125 	test loss:0.474746 	test accuracy:0.798000
epoch:190 	train loss:90.110458 	train accuracy:0.829625 	test loss:0.400127 	test accuracy:0.819000
epoch:200 	train loss:88.801376 	train accuracy:0.829125 	test loss:0.391769 	test accuracy:0.828000
epoch:210 	train loss:89.998108 	train accuracy:0.830750 	test loss:0.394901 	test accuracy:0.821500
epoch:220 	train loss:89.232101 	train accuracy:0.828500 	test loss:0.390969 	test accuracy:0.822000
epoch:230 	train loss:89.607933 	train accuracy:0.829750 	test loss:0.422444 	test accuracy:0.815500
epoch:240 	train loss:87.695999 	train accuracy:0.835625 	test loss:0.403590 	test accuracy:0.822000
epoch:250 	train loss:88.267456 	train accuracy:0.833625 	test loss:0.375351 	test accuracy:0.832500
epoch:260 	train loss:89.202080 	train accuracy:0.833750 	test loss:0.457973 	test accuracy:0.800500
epoch:270 	train loss:87.082527 	train accuracy:0.833000 	test loss:0.393997 	test accuracy:0.821500
epoch:280 	train loss:85.951225 	train accuracy:0.841125 	test loss:0.359687 	test accuracy:0.842000
epoch:290 	train loss:86.433823 	train accuracy:0.834625 	test loss:0.444023 	test accuracy:0.807000
epoch:300 	train loss:87.062721 	train accuracy:0.836250 	test loss:0.401011 	test accuracy:0.824000
epoch:310 	train loss:85.965683 	train accuracy:0.836125 	test loss:0.368528 	test accuracy:0.838000
epoch:320 	train loss:86.343468 	train accuracy:0.831500 	test loss:0.368566 	test accuracy:0.837000
epoch:330 	train loss:84.779030 	train accuracy:0.838875 	test loss:0.432370 	test accuracy:0.806500
epoch:340 	train loss:87.560249 	train accuracy:0.828625 	test loss:0.383186 	test accuracy:0.822500
epoch:350 	train loss:85.670731 	train accuracy:0.833625 	test loss:0.414251 	test accuracy:0.808500
epoch:360 	train loss:83.876999 	train accuracy:0.836125 	test loss:0.413885 	test accuracy:0.824500
epoch:370 	train loss:83.664490 	train accuracy:0.837125 	test loss:0.398585 	test accuracy:0.820500
epoch:380 	train loss:85.027428 	train accuracy:0.839750 	test loss:0.403925 	test accuracy:0.816500
epoch:390 	train loss:85.943245 	train accuracy:0.832375 	test loss:0.372342 	test accuracy:0.830000
epoch:400 	train loss:83.012878 	train accuracy:0.836750 	test loss:0.377644 	test accuracy:0.837500
epoch:410 	train loss:83.111168 	train accuracy:0.838125 	test loss:0.376440 	test accuracy:0.834000
epoch:420 	train loss:84.580978 	train accuracy:0.835625 	test loss:0.390792 	test accuracy:0.820500
epoch:430 	train loss:81.632149 	train accuracy:0.841250 	test loss:0.386148 	test accuracy:0.824000
epoch:440 	train loss:81.987846 	train accuracy:0.838375 	test loss:0.385122 	test accuracy:0.817500
epoch:450 	train loss:83.394402 	train accuracy:0.839250 	test loss:0.488683 	test accuracy:0.778500
epoch:460 	train loss:82.182159 	train accuracy:0.841250 	test loss:0.378029 	test accuracy:0.835000
epoch:470 	train loss:80.521553 	train accuracy:0.842625 	test loss:0.375053 	test accuracy:0.830000
epoch:480 	train loss:82.081024 	train accuracy:0.841625 	test loss:0.401477 	test accuracy:0.830000
epoch:490 	train loss:81.519745 	train accuracy:0.841625 	test loss:0.356427 	test accuracy:0.840000
epoch:499 
TCN_64_4
[[443  50   4]
 [120 795 117]
 [  1  57 413]]
              precision    recall  f1-score   support

           0       0.79      0.89      0.84       497
           1       0.88      0.77      0.82      1032
           2       0.77      0.88      0.82       471

    accuracy                           0.83      2000
   macro avg       0.81      0.85      0.83      2000
weighted avg       0.83      0.83      0.83      2000

