model:TCN  parameters:2108

dataset: [PosixPath('/home/leic/Desktop/Icarus/data/training/labeled/80H_WIN/LNC_15min.csv')] 

Begin to slice.
Successful!

training features: torch.Size([8000, 320, 1])
testing features: torch.Size([2000, 320, 1])
training labels: torch.Size([8000, 1]) tensor([0, 1, 2]) tensor([2479, 3140, 2381]) tensor([0.3099, 0.3925, 0.2976])
testing labels: torch.Size([2000, 1]) tensor([0, 1, 2]) tensor([625, 783, 592]) tensor([0.3125, 0.3915, 0.2960])

cuda = True

epoch:0 	train loss:274.764587 	train accuracy:0.386500 	test loss:1.078794 	test accuracy:0.441000
epoch:10 	train loss:151.678421 	train accuracy:0.735125 	test loss:0.616341 	test accuracy:0.719000
epoch:20 	train loss:141.628021 	train accuracy:0.753375 	test loss:0.564270 	test accuracy:0.751000
epoch:30 	train loss:126.311897 	train accuracy:0.779625 	test loss:0.524333 	test accuracy:0.767000
epoch:40 	train loss:122.078697 	train accuracy:0.789000 	test loss:0.484125 	test accuracy:0.800500
epoch:50 	train loss:119.095879 	train accuracy:0.790000 	test loss:0.485400 	test accuracy:0.798500
epoch:60 	train loss:113.875748 	train accuracy:0.796875 	test loss:0.470083 	test accuracy:0.804000
epoch:70 	train loss:113.572998 	train accuracy:0.799875 	test loss:0.475829 	test accuracy:0.788000
epoch:80 	train loss:107.887741 	train accuracy:0.813000 	test loss:0.450449 	test accuracy:0.807000
epoch:90 	train loss:105.291786 	train accuracy:0.814875 	test loss:0.417556 	test accuracy:0.824500
epoch:100 	train loss:101.970352 	train accuracy:0.814750 	test loss:0.430382 	test accuracy:0.815000
epoch:110 	train loss:99.674667 	train accuracy:0.825000 	test loss:0.414625 	test accuracy:0.823500
epoch:120 	train loss:93.666115 	train accuracy:0.832750 	test loss:0.380278 	test accuracy:0.848500
epoch:130 	train loss:94.420387 	train accuracy:0.828625 	test loss:0.379520 	test accuracy:0.839000
epoch:140 	train loss:92.249802 	train accuracy:0.833625 	test loss:0.367149 	test accuracy:0.850500
epoch:150 	train loss:92.160408 	train accuracy:0.834125 	test loss:0.352301 	test accuracy:0.849500
epoch:160 	train loss:89.235870 	train accuracy:0.843000 	test loss:0.435328 	test accuracy:0.811500
epoch:170 	train loss:85.342056 	train accuracy:0.847250 	test loss:0.367020 	test accuracy:0.847000
epoch:180 	train loss:88.934959 	train accuracy:0.840875 	test loss:0.407096 	test accuracy:0.822000
epoch:190 	train loss:88.311935 	train accuracy:0.845250 	test loss:0.346337 	test accuracy:0.860000
epoch:200 	train loss:87.550682 	train accuracy:0.843750 	test loss:0.365548 	test accuracy:0.850500
epoch:210 	train loss:81.970955 	train accuracy:0.856500 	test loss:0.332556 	test accuracy:0.854000
epoch:220 	train loss:83.922699 	train accuracy:0.851250 	test loss:0.349314 	test accuracy:0.844000
epoch:230 	train loss:76.999184 	train accuracy:0.866000 	test loss:0.323238 	test accuracy:0.871000
epoch:240 	train loss:74.885300 	train accuracy:0.869125 	test loss:0.315473 	test accuracy:0.871500
epoch:250 	train loss:72.604271 	train accuracy:0.871625 	test loss:0.341368 	test accuracy:0.866000
epoch:260 	train loss:73.886574 	train accuracy:0.870000 	test loss:0.307280 	test accuracy:0.873000
epoch:270 	train loss:73.604820 	train accuracy:0.874500 	test loss:0.305144 	test accuracy:0.873500
epoch:280 	train loss:68.084015 	train accuracy:0.882625 	test loss:0.364440 	test accuracy:0.851000
epoch:290 	train loss:68.542297 	train accuracy:0.880375 	test loss:0.320711 	test accuracy:0.873000
epoch:300 	train loss:73.674477 	train accuracy:0.875875 	test loss:0.286508 	test accuracy:0.884000
epoch:310 	train loss:68.458565 	train accuracy:0.881375 	test loss:0.315799 	test accuracy:0.869000
epoch:320 	train loss:65.307739 	train accuracy:0.887500 	test loss:0.293718 	test accuracy:0.886500
epoch:330 	train loss:69.544296 	train accuracy:0.878250 	test loss:0.284103 	test accuracy:0.890000
epoch:340 	train loss:66.746407 	train accuracy:0.888125 	test loss:0.272914 	test accuracy:0.889000
epoch:350 	train loss:64.051987 	train accuracy:0.886500 	test loss:0.266625 	test accuracy:0.890000
epoch:360 	train loss:64.810005 	train accuracy:0.890625 	test loss:0.274020 	test accuracy:0.889500
epoch:370 	train loss:64.449532 	train accuracy:0.887500 	test loss:0.259641 	test accuracy:0.897000
epoch:380 	train loss:61.464062 	train accuracy:0.892250 	test loss:0.261230 	test accuracy:0.886500
epoch:390 	train loss:63.225304 	train accuracy:0.893250 	test loss:0.310267 	test accuracy:0.876500
epoch:400 	train loss:59.169491 	train accuracy:0.898375 	test loss:0.268721 	test accuracy:0.889500
epoch:410 	train loss:61.940914 	train accuracy:0.894000 	test loss:0.260103 	test accuracy:0.894500
epoch:420 	train loss:65.511940 	train accuracy:0.889125 	test loss:0.285964 	test accuracy:0.888500
epoch:430 	train loss:60.554081 	train accuracy:0.898250 	test loss:0.301955 	test accuracy:0.880500
epoch:440 	train loss:63.164097 	train accuracy:0.892750 	test loss:0.295635 	test accuracy:0.882500
epoch:450 	train loss:56.760254 	train accuracy:0.900000 	test loss:0.259016 	test accuracy:0.895000
epoch:460 	train loss:55.457111 	train accuracy:0.901500 	test loss:0.265651 	test accuracy:0.888000
epoch:470 	train loss:59.573994 	train accuracy:0.901500 	test loss:0.243584 	test accuracy:0.892500
epoch:480 	train loss:53.704815 	train accuracy:0.907000 	test loss:0.251181 	test accuracy:0.899000
epoch:490 	train loss:61.076279 	train accuracy:0.897625 	test loss:0.259929 	test accuracy:0.894000
epoch:499 
TCN_320_1
[[562  62   1]
 [ 43 676  64]
 [  3  55 534]]
              precision    recall  f1-score   support

           0       0.92      0.90      0.91       625
           1       0.85      0.86      0.86       783
           2       0.89      0.90      0.90       592

    accuracy                           0.89      2000
   macro avg       0.89      0.89      0.89      2000
weighted avg       0.89      0.89      0.89      2000

