model:TCN  parameters:2238

dataset: [PosixPath('/home/leic/Desktop/Icarus/data/training/labeled/80H_WIN/LNC_15min.csv')] 

Begin to slice.
Successful!

training features: torch.Size([8000, 320, 5])
testing features: torch.Size([2000, 320, 5])
training labels: torch.Size([8000, 1]) tensor([0, 1, 2]) tensor([2479, 3140, 2381]) tensor([0.3099, 0.3925, 0.2976])
testing labels: torch.Size([2000, 1]) tensor([0, 1, 2]) tensor([625, 783, 592]) tensor([0.3125, 0.3915, 0.2960])

cuda = True

epoch:0 	train loss:13791.017578 	train accuracy:0.331625 	test loss:6.818587 	test accuracy:0.308500
epoch:10 	train loss:1985.286011 	train accuracy:0.328875 	test loss:5.562769 	test accuracy:0.294000
epoch:20 	train loss:1326.082886 	train accuracy:0.334750 	test loss:12.039609 	test accuracy:0.308000
epoch:30 	train loss:1625.404541 	train accuracy:0.332750 	test loss:5.698531 	test accuracy:0.304500
epoch:40 	train loss:1395.937866 	train accuracy:0.339500 	test loss:3.572241 	test accuracy:0.296000
epoch:50 	train loss:1163.623413 	train accuracy:0.349125 	test loss:2.242576 	test accuracy:0.334000
epoch:60 	train loss:1598.571289 	train accuracy:0.343750 	test loss:8.467724 	test accuracy:0.392000
epoch:70 	train loss:1694.298340 	train accuracy:0.351625 	test loss:3.371375 	test accuracy:0.312000
epoch:80 	train loss:1489.031860 	train accuracy:0.348500 	test loss:6.587975 	test accuracy:0.286500
epoch:90 	train loss:1690.396851 	train accuracy:0.348125 	test loss:17.421286 	test accuracy:0.305000
epoch:100 	train loss:1256.662842 	train accuracy:0.340875 	test loss:2.082629 	test accuracy:0.306500
epoch:110 	train loss:1309.469482 	train accuracy:0.363125 	test loss:3.607270 	test accuracy:0.301500
epoch:120 	train loss:1473.081421 	train accuracy:0.344375 	test loss:3.091636 	test accuracy:0.390500
epoch:130 	train loss:1613.367188 	train accuracy:0.348125 	test loss:6.836697 	test accuracy:0.292500
epoch:140 	train loss:1332.338867 	train accuracy:0.362625 	test loss:2.394396 	test accuracy:0.314500
epoch:150 	train loss:1287.317505 	train accuracy:0.367750 	test loss:2.945487 	test accuracy:0.316500
epoch:160 	train loss:1560.855347 	train accuracy:0.351875 	test loss:4.636827 	test accuracy:0.327500
epoch:170 	train loss:1246.733643 	train accuracy:0.362125 	test loss:7.578614 	test accuracy:0.310500
epoch:180 	train loss:1665.355469 	train accuracy:0.351125 	test loss:7.351378 	test accuracy:0.394000
epoch:190 	train loss:1148.124146 	train accuracy:0.365500 	test loss:5.231911 	test accuracy:0.418500
epoch:200 	train loss:1175.195190 	train accuracy:0.364875 	test loss:2.652122 	test accuracy:0.332500
epoch:210 	train loss:1162.481567 	train accuracy:0.355875 	test loss:3.267814 	test accuracy:0.327000
epoch:220 	train loss:1194.467285 	train accuracy:0.364250 	test loss:5.573878 	test accuracy:0.316000
epoch:230 	train loss:1066.798828 	train accuracy:0.373875 	test loss:7.958723 	test accuracy:0.299500
epoch:240 	train loss:1200.253052 	train accuracy:0.366000 	test loss:17.279255 	test accuracy:0.313000
epoch:250 	train loss:1123.529297 	train accuracy:0.374250 	test loss:3.542017 	test accuracy:0.403500
epoch:260 	train loss:1279.132690 	train accuracy:0.360375 	test loss:4.144391 	test accuracy:0.379000
epoch:270 	train loss:982.208740 	train accuracy:0.381125 	test loss:3.298585 	test accuracy:0.387500
epoch:280 	train loss:1139.867554 	train accuracy:0.372500 	test loss:9.411138 	test accuracy:0.311500
epoch:290 	train loss:1669.249756 	train accuracy:0.370625 	test loss:3.747729 	test accuracy:0.396000
epoch:300 	train loss:777.968872 	train accuracy:0.381125 	test loss:3.396699 	test accuracy:0.314500
epoch:310 	train loss:1082.167236 	train accuracy:0.375250 	test loss:11.305092 	test accuracy:0.396000
epoch:320 	train loss:997.061707 	train accuracy:0.377375 	test loss:7.681947 	test accuracy:0.298000
epoch:330 	train loss:1191.667480 	train accuracy:0.378125 	test loss:6.869229 	test accuracy:0.317000
epoch:340 	train loss:1136.304321 	train accuracy:0.373375 	test loss:6.305201 	test accuracy:0.407000
epoch:350 	train loss:1013.369995 	train accuracy:0.368125 	test loss:3.864518 	test accuracy:0.404000
epoch:360 	train loss:1396.797974 	train accuracy:0.372625 	test loss:6.028777 	test accuracy:0.399000
epoch:370 	train loss:1282.364136 	train accuracy:0.379125 	test loss:14.353500 	test accuracy:0.295500
epoch:380 	train loss:1045.958984 	train accuracy:0.387000 	test loss:4.250604 	test accuracy:0.423000
epoch:390 	train loss:1081.210205 	train accuracy:0.366250 	test loss:8.919918 	test accuracy:0.405000
epoch:400 	train loss:1428.819580 	train accuracy:0.375125 	test loss:3.971148 	test accuracy:0.345000
epoch:410 	train loss:1698.305664 	train accuracy:0.369625 	test loss:7.798397 	test accuracy:0.312500
epoch:420 	train loss:891.060303 	train accuracy:0.387625 	test loss:3.780775 	test accuracy:0.423500
epoch:430 	train loss:1218.249390 	train accuracy:0.376000 	test loss:3.861371 	test accuracy:0.326000
epoch:440 	train loss:1144.304688 	train accuracy:0.385000 	test loss:4.005106 	test accuracy:0.423000
epoch:450 	train loss:1135.527466 	train accuracy:0.385875 	test loss:5.177973 	test accuracy:0.403000
epoch:460 	train loss:1061.220581 	train accuracy:0.385625 	test loss:3.540310 	test accuracy:0.357000
epoch:470 	train loss:1397.083008 	train accuracy:0.379750 	test loss:3.327606 	test accuracy:0.405500
epoch:480 	train loss:1191.220581 	train accuracy:0.381500 	test loss:9.066692 	test accuracy:0.315000
epoch:490 	train loss:1346.345947 	train accuracy:0.382250 	test loss:6.925250 	test accuracy:0.403500
epoch:499 
TCN_320_5
[[ 13 108 504]
 [  6 172 605]
 [  8  87 497]]
              precision    recall  f1-score   support

           0       0.48      0.02      0.04       625
           1       0.47      0.22      0.30       783
           2       0.31      0.84      0.45       592

    accuracy                           0.34      2000
   macro avg       0.42      0.36      0.26      2000
weighted avg       0.43      0.34      0.26      2000

