model:TCN  parameters:2228

dataset: [PosixPath('/home/leic/Desktop/Icarus/data/training/labeled/80H_WIN/LNC_15min.csv')] 

Begin to slice.
Successful!

training features: torch.Size([8000, 320, 4])
testing features: torch.Size([2000, 320, 4])
training labels: torch.Size([8000, 1]) tensor([0, 1, 2]) tensor([2479, 3140, 2381]) tensor([0.3099, 0.3925, 0.2976])
testing labels: torch.Size([2000, 1]) tensor([0, 1, 2]) tensor([625, 783, 592]) tensor([0.3125, 0.3915, 0.2960])

cuda = True

epoch:0 	train loss:271.250793 	train accuracy:0.424500 	test loss:1.072034 	test accuracy:0.448000
epoch:10 	train loss:157.265701 	train accuracy:0.717250 	test loss:0.691655 	test accuracy:0.683500
epoch:20 	train loss:125.313019 	train accuracy:0.769250 	test loss:0.499851 	test accuracy:0.792500
epoch:30 	train loss:117.454285 	train accuracy:0.792125 	test loss:0.448106 	test accuracy:0.809000
epoch:40 	train loss:113.610397 	train accuracy:0.798000 	test loss:0.443663 	test accuracy:0.810500
epoch:50 	train loss:110.705574 	train accuracy:0.801875 	test loss:0.432538 	test accuracy:0.819000
epoch:60 	train loss:107.374550 	train accuracy:0.805750 	test loss:0.444404 	test accuracy:0.819000
epoch:70 	train loss:106.116608 	train accuracy:0.810250 	test loss:0.409096 	test accuracy:0.827000
epoch:80 	train loss:104.549271 	train accuracy:0.814125 	test loss:0.431492 	test accuracy:0.801000
epoch:90 	train loss:103.931145 	train accuracy:0.819625 	test loss:0.410713 	test accuracy:0.831000
epoch:100 	train loss:102.819061 	train accuracy:0.817625 	test loss:0.401467 	test accuracy:0.826000
epoch:110 	train loss:101.991470 	train accuracy:0.817500 	test loss:0.401508 	test accuracy:0.845000
epoch:120 	train loss:99.425392 	train accuracy:0.822250 	test loss:0.401777 	test accuracy:0.838500
epoch:130 	train loss:97.593262 	train accuracy:0.824750 	test loss:0.385030 	test accuracy:0.839500
epoch:140 	train loss:95.755508 	train accuracy:0.832125 	test loss:0.394975 	test accuracy:0.824000
epoch:150 	train loss:95.476753 	train accuracy:0.832625 	test loss:0.399984 	test accuracy:0.817000
epoch:160 	train loss:93.578384 	train accuracy:0.833250 	test loss:0.378532 	test accuracy:0.841500
epoch:170 	train loss:93.411453 	train accuracy:0.832000 	test loss:0.405886 	test accuracy:0.835000
epoch:180 	train loss:88.323792 	train accuracy:0.843125 	test loss:0.380295 	test accuracy:0.845500
epoch:190 	train loss:87.781586 	train accuracy:0.841500 	test loss:0.365420 	test accuracy:0.848500
epoch:200 	train loss:85.545677 	train accuracy:0.847625 	test loss:0.352358 	test accuracy:0.851000
epoch:210 	train loss:85.277534 	train accuracy:0.847625 	test loss:0.358849 	test accuracy:0.850500
epoch:220 	train loss:82.570656 	train accuracy:0.854250 	test loss:0.352516 	test accuracy:0.851500
epoch:230 	train loss:79.679726 	train accuracy:0.860250 	test loss:0.342318 	test accuracy:0.847500
epoch:240 	train loss:78.209267 	train accuracy:0.863250 	test loss:0.337451 	test accuracy:0.862500
epoch:250 	train loss:76.666466 	train accuracy:0.869500 	test loss:0.342097 	test accuracy:0.850500
epoch:260 	train loss:75.370537 	train accuracy:0.869500 	test loss:0.367639 	test accuracy:0.855000
epoch:270 	train loss:74.950409 	train accuracy:0.870125 	test loss:0.341820 	test accuracy:0.857000
epoch:280 	train loss:73.398041 	train accuracy:0.874625 	test loss:0.322500 	test accuracy:0.871500
epoch:290 	train loss:71.055489 	train accuracy:0.876750 	test loss:0.328549 	test accuracy:0.866500
epoch:300 	train loss:70.282791 	train accuracy:0.882625 	test loss:0.338037 	test accuracy:0.865000
epoch:310 	train loss:68.716858 	train accuracy:0.879625 	test loss:0.328186 	test accuracy:0.874000
epoch:320 	train loss:68.398445 	train accuracy:0.881625 	test loss:0.326860 	test accuracy:0.873000
epoch:330 	train loss:66.588554 	train accuracy:0.885125 	test loss:0.303132 	test accuracy:0.879000
epoch:340 	train loss:65.386971 	train accuracy:0.893375 	test loss:0.302710 	test accuracy:0.876500
epoch:350 	train loss:64.398361 	train accuracy:0.890000 	test loss:0.315698 	test accuracy:0.868500
epoch:360 	train loss:62.927345 	train accuracy:0.894875 	test loss:0.329048 	test accuracy:0.871000
epoch:370 	train loss:63.389263 	train accuracy:0.893000 	test loss:0.309561 	test accuracy:0.876500
epoch:380 	train loss:62.161160 	train accuracy:0.892625 	test loss:0.304812 	test accuracy:0.872000
epoch:390 	train loss:62.861324 	train accuracy:0.894875 	test loss:0.291854 	test accuracy:0.881500
epoch:400 	train loss:58.499882 	train accuracy:0.899750 	test loss:0.296080 	test accuracy:0.886000
epoch:410 	train loss:59.225853 	train accuracy:0.898500 	test loss:0.297703 	test accuracy:0.882500
epoch:420 	train loss:59.608269 	train accuracy:0.896750 	test loss:0.285416 	test accuracy:0.886500
epoch:430 	train loss:56.356365 	train accuracy:0.904000 	test loss:0.348380 	test accuracy:0.852500
epoch:440 	train loss:59.350323 	train accuracy:0.899625 	test loss:0.299264 	test accuracy:0.877500
epoch:450 	train loss:57.737209 	train accuracy:0.903000 	test loss:0.290802 	test accuracy:0.878500
epoch:460 	train loss:57.244450 	train accuracy:0.900625 	test loss:0.281311 	test accuracy:0.891500
epoch:470 	train loss:56.179710 	train accuracy:0.905125 	test loss:0.272445 	test accuracy:0.888500
epoch:480 	train loss:56.473423 	train accuracy:0.903375 	test loss:0.282939 	test accuracy:0.884000
epoch:490 	train loss:56.451580 	train accuracy:0.909500 	test loss:0.283577 	test accuracy:0.882000
epoch:499 
TCN_320_4
[[588  37   0]
 [ 46 661  76]
 [  1  53 538]]
              precision    recall  f1-score   support

           0       0.93      0.94      0.93       625
           1       0.88      0.84      0.86       783
           2       0.88      0.91      0.89       592

    accuracy                           0.89      2000
   macro avg       0.89      0.90      0.90      2000
weighted avg       0.89      0.89      0.89      2000

